[GIN-debug] [WARNING] Running in "debug" mode. Switch to "release" mode in production.
 - using env:	export GIN_MODE=release
 - using code:	gin.SetMode(gin.ReleaseMode)

[GIN-debug] GET   /assets/*filepath         --> github.com/gin-gonic/gin.(*RouterGroup).createStaticHandler.func1 (5 handlers)
[GIN-debug] HEAD  /assets/*filepath         --> github.com/gin-gonic/gin.(*RouterGroup).createStaticHandler.func1 (5 handlers)
[GIN-debug] GET   /staticpage/*filepath     --> github.com/gin-gonic/gin.(*RouterGroup).createStaticHandler.func1 (5 handlers)
[GIN-debug] HEAD  /staticpage/*filepath     --> github.com/gin-gonic/gin.(*RouterGroup).createStaticHandler.func1 (5 handlers)
[GIN-debug] GET   /campicture/*filepath     --> github.com/gin-gonic/gin.(*RouterGroup).createStaticHandler.func1 (5 handlers)
[GIN-debug] HEAD  /campicture/*filepath     --> github.com/gin-gonic/gin.(*RouterGroup).createStaticHandler.func1 (5 handlers)
[GIN-debug] GET   /redirected               --> github.com/pasarsakomandiri/controllers.Redirected (5 handlers)
[GIN-debug] GET   /                         --> github.com/pasarsakomandiri/controllers.LoginPage (6 handlers)
[GIN-debug] GET   /user/user_auth           --> github.com/pasarsakomandiri/controllers.UserSessionRedirect (6 handlers)
[GIN-debug] GET   /user/register            --> github.com/pasarsakomandiri/controllers.UserRegisterPages (6 handlers)
[GIN-debug] GET   /admin                    --> github.com/pasarsakomandiri/controllers.AdminPage (6 handlers)
[GIN-debug] GET   /device/device_group      --> github.com/pasarsakomandiri/controllers.DeviceGroupPage (6 handlers)
[GIN-debug] GET   /formval                  --> github.com/pasarsakomandiri/controllers.GetDeviceType (6 handlers)
[GIN-debug] GET   /device                   --> github.com/pasarsakomandiri/controllers.DeviceListPages (6 handlers)
[GIN-debug] GET   /edit_devicelist          --> github.com/pasarsakomandiri/controllers.DeviceListEditPages (6 handlers)
[GIN-debug] GET   /user_list                --> github.com/pasarsakomandiri/controllers.UserListPages (6 handlers)
[GIN-debug] GET   /update_user              --> github.com/pasarsakomandiri/controllers.UserEditPages (6 handlers)
[GIN-debug] GET   /get_id                   --> github.com/pasarsakomandiri/controllers.UserGetInfoAPI (6 handlers)
[GIN-debug] GET   /cashier                  --> github.com/pasarsakomandiri/controllers.CashierPage (6 handlers)
[GIN-debug] GET   /office                   --> github.com/pasarsakomandiri/controllers.OfficePage (6 handlers)
[GIN-debug] POST  /api/user/login           --> github.com/pasarsakomandiri/controllers.LoginAPI (6 handlers)
[GIN-debug] GET   /api/user/logout          --> github.com/pasarsakomandiri/controllers.LogoutAPI (6 handlers)
[GIN-debug] POST  /api/user/register        --> github.com/pasarsakomandiri/controllers.RegisterUser (6 handlers)
[GIN-debug] GET   /api/user/role_list       --> github.com/pasarsakomandiri/controllers.UserGetAllRoleAPI (6 handlers)
[GIN-debug] GET   /api/user/all_user        --> github.com/pasarsakomandiri/controllers.UserGetAllAPI (6 handlers)
[GIN-debug] POST  /api/user/update          --> github.com/pasarsakomandiri/controllers.UserUpdateAPI (6 handlers)
[GIN-debug] POST  /api/device/create_device --> github.com/pasarsakomandiri/controllers.DeviceRegisterAPI (6 handlers)
[GIN-debug] GET   /api/device/device_list   --> github.com/pasarsakomandiri/controllers.GetDeviceListAPI (6 handlers)
[GIN-debug] GET   /api/device/devices_by_type --> github.com/pasarsakomandiri/controllers.DeviceGetFromTypeAPI (6 handlers)
[GIN-debug] GET   /api/device/device_info   --> github.com/pasarsakomandiri/controllers.DeviceGetDeviceInfoAPI (6 handlers)
[GIN-debug] POST  /api/device/create_device_group --> github.com/pasarsakomandiri/controllers.DeviceGroupRegisterAPI (6 handlers)
[GIN-debug] GET   /api/device/device_group_list --> github.com/pasarsakomandiri/controllers.DeviceGroupGetAllAPI (6 handlers)
[GIN-debug] GET   /api/device/check_out_device --> github.com/pasarsakomandiri/controllers.DeviceContactCheckOut (5 handlers)
[GIN-debug] POST  /api/device/delete_device_group --> github.com/pasarsakomandiri/controllers.DeviceGroupDeleteAPI (6 handlers)
[GIN-debug] POST  /api/device/delete        --> github.com/pasarsakomandiri/controllers.DeleteDeviceList (6 handlers)
[GIN-debug] POST  /api/device/edit          --> github.com/pasarsakomandiri/controllers.EditDeviceList (6 handlers)
[GIN-debug] POST  /api/parking/checkIn      --> github.com/pasarsakomandiri/controllers.ParkingCheckIn (5 handlers)
[GIN-debug] POST  /api/parking/checkOut     --> github.com/pasarsakomandiri/controllers.ParkingCheckOut (5 handlers)
[GIN-debug] GET   /api/parking/getTicketInfo --> github.com/pasarsakomandiri/controllers.ParkingGetTicketInfo (6 handlers)
[GIN-debug] GET   /api/parking/vehicleAll   --> github.com/pasarsakomandiri/controllers.VehicleGetAll (6 handlers)
[GIN-debug] GET   /api/parking/test/checkIn --> github.com/pasarsakomandiri/controllers.ParkingCheckIn (5 handlers)
[GIN-debug] GET   /parking_price            --> github.com/pasarsakomandiri/controllers.PriceConfigPage (6 handlers)
[GIN-debug] GET   /parking_price_update     --> github.com/pasarsakomandiri/controllers.PriceUpdateConfigPage (6 handlers)
[GIN-debug] POST  /api/parking_price        --> github.com/pasarsakomandiri/controllers.PriceRegister (6 handlers)
[GIN-debug] GET   /api/parking/price_list   --> github.com/pasarsakomandiri/controllers.PriceGetAll (6 handlers)
[GIN-debug] GET   /price_get_id             --> github.com/pasarsakomandiri/controllers.PriceGetInfoAPI (6 handlers)
[GIN-debug] POST  /api/price_parking/update --> github.com/pasarsakomandiri/controllers.PriceUpdateAPI (6 handlers)
[GIN-debug] GET   /parking/transactions     --> github.com/pasarsakomandiri/controllers.ParkingTransactionsPage (6 handlers)
[GIN-debug] GET   /transactions_tabel       --> github.com/pasarsakomandiri/controllers.ParkingTransactionsGetAll (6 handlers)
[GIN-debug] GET   /tglparking               --> github.com/pasarsakomandiri/controllers.ParkingTransTgl (6 handlers)
[GIN-debug] GET   /parking/transactions/cashier --> github.com/pasarsakomandiri/controllers.ParkingTransactionCashier (6 handlers)
[GIN-debug] GET   /api/ipcamera/getPictureFromDevice --> github.com/pasarsakomandiri/controllers.IpCamTakePictureFromDevice (6 handlers)
[GIN-debug] GET   /api/ipcamera/getPictureByIp --> github.com/pasarsakomandiri/controllers.IpCamTakePictureByIP (6 handlers)
[GIN-debug] GET   /api/raspberry/checkOut   --> github.com/pasarsakomandiri/controllers.RaspberryPrintCheckOut (5 handlers)
[GIN-debug] GET   /member                   --> github.com/pasarsakomandiri/controllers.MemberPages (6 handlers)
[GIN-debug] POST  /api/member/insertdb      --> github.com/pasarsakomandiri/controllers.MemberCreateNew (6 handlers)
[GIN-debug] GET   /api/get/allmember        --> github.com/pasarsakomandiri/controllers.MemberGetAll (6 handlers)
[GIN-debug] POST  /api/delete/member        --> github.com/pasarsakomandiri/controllers.MemberDelete (6 handlers)
[GIN-debug] GET   /parking/testTicket       --> github.com/pasarsakomandiri/controllers.ParkingTicketPage (5 handlers)
[GIN-debug] GET   /api/create_super_user    --> github.com/pasarsakomandiri/controllers.SecretCreateSuperUser (5 handlers)
[GIN-debug] GET   /api/user_since           --> github.com/pasarsakomandiri/controllers.UserSinceAPI (5 handlers)
[GIN-debug] Listening and serving HTTP on :8080
Pictures daemon started at 2016-04-10 12:58:52
[GIN] 2016/04/10 - 00:58:57 |[90;47m 302 [0m|      9.2071ms | 192.168.1.102:53226 |[97;44m  [0m GET     /
[GIN] 2016/04/10 - 00:58:58 |[90;47m 304 [0m|     121.567µs | 192.168.1.102:53226 |[97;44m  [0m GET     /assets/js/jquery-2.2.0.min.js
[GIN] 2016/04/10 - 00:58:58 |[90;47m 304 [0m|     126.603µs | 192.168.1.102:53227 |[97;44m  [0m GET     /assets/css/materialize.css
[GIN] 2016/04/10 - 00:58:58 |[90;47m 304 [0m|     115.201µs | 192.168.1.102:53228 |[97;44m  [0m GET     /assets/js/materialize.js
[GIN] 2016/04/10 - 00:58:58 |[90;47m 304 [0m|      66.407µs | 192.168.1.102:53228 |[97;44m  [0m GET     /assets/font/roboto/Roboto-Bold.woff2
[GIN] 2016/04/10 - 00:58:58 |[90;47m 304 [0m|      62.307µs | 192.168.1.102:53227 |[97;44m  [0m GET     /assets/font/roboto/Roboto-Regular.woff2
